  CommandInput.cpp
  Conducter.cpp
  CurrentSound.cpp
  DebugTimer.cpp
  global.cpp
  GridRoll.cpp
  Input.cpp
  MainScene.cpp
C:\Users\syun559\Desktop\C++Projects\MidiProject2\Conducter.cpp(37,14): warning C4244:  'return': 'double' から 'int' への変換です。データが失われる可能性があります。
  MidiController.cpp
  MidiEvent.cpp
  MidiEventManager.cpp
C:\Users\syun559\Desktop\C++Projects\MidiProject2\MainScene.cpp(145,42): warning C4244:  '引数': 'double' から 'int' への変換です。データが失われる可能性があります。
C:\Users\syun559\Desktop\C++Projects\MidiProject2\MidiEventManager.cpp(151,11): warning C4244:  '初期化中': 'double' から 'int' への変換です。データが失われる可能性があります。
  NoteOnEvent.cpp
  PanelMenu.cpp
  smfIO.cpp
C:\Users\syun559\Desktop\C++Projects\MidiProject2\MidiEventManager.cpp(153,11): warning C4244:  '初期化中': 'double' から 'int' への変換です。データが失われる可能性があります。
C:\Users\syun559\Desktop\C++Projects\MidiProject2\smfIO.cpp(21,20): warning C4018:  '<': signed と unsigned の数値を比較しようとしました。
  Source.cpp
C:\Users\syun559\Desktop\C++Projects\MidiProject2\smfIO.cpp(24,20): warning C4018:  '<=': signed と unsigned の数値を比較しようとしました。
  コード生成しています。
  Previous IPDB not found, fall back to full compilation.
  All 540 functions were compiled because no usable IPDB/IOBJ from previous compilation was found.
  コード生成が終了しました。
  dejikuri.vcxproj -> C:\Users\syun559\Desktop\C++Projects\MidiProject2\Release\dejikuri.exe
